<?xml version="1.0" encoding="UTF-8"?>
<!-- Generated by org.testng.reporters.JUnitReportReporter -->
<testsuite hostname="Naveen" failures="0" tests="1" name="com.Appium.eCommerse_tc_1" time="20.622" errors="0" timestamp="2024-06-18T12:39:17 IST" skipped="0">
  <testcase classname="com.Appium.eCommerse_tc_1" name="fillform" time="20.622"/>
</testsuite> <!-- com.Appium.eCommerse_tc_1 -->
