<?xml version="1.0" encoding="UTF-8"?>
<!-- Generated by org.testng.reporters.JUnitReportReporter -->
<testsuite hostname="Naveen" failures="0" tests="1" name="com.Appium.cart_Tc_4" time="59.946" errors="0" timestamp="2024-06-26T10:20:28 IST" skipped="0">
  <testcase classname="com.Appium.cart_Tc_4" name="fillform" time="59.946"/>
</testsuite> <!-- com.Appium.cart_Tc_4 -->
