<?xml version="1.0" encoding="UTF-8"?>
<!-- Generated by org.testng.reporters.JUnitReportReporter -->
<testsuite hostname="Naveen" failures="0" tests="1" name="com.Appium.LongClickGesture" time="6.955" errors="0" timestamp="2024-06-12T19:38:38 IST" skipped="0">
  <testcase classname="com.Appium.LongClickGesture" name="LongPressGesture" time="6.955"/>
</testsuite> <!-- com.Appium.LongClickGesture -->
