<?xml version="1.0" encoding="UTF-8"?>
<!-- Generated by org.testng.reporters.JUnitReportReporter -->
<testsuite hostname="Naveen" failures="0" tests="1" name="com.Appium.AppiumBasics" time="12.772" errors="0" timestamp="2024-06-11T19:05:08 IST" skipped="0">
  <testcase classname="com.Appium.AppiumBasics" name="wifinameSetup" time="12.772"/>
</testsuite> <!-- com.Appium.AppiumBasics -->
