<?xml version="1.0" encoding="UTF-8"?>
<!-- Generated by org.testng.reporters.JUnitReportReporter -->
<testsuite hostname="Naveen" failures="0" tests="1" name="com.Appium.MiscellanousAppiumActions" time="21.515" errors="0" timestamp="2024-06-11T21:22:00 IST" skipped="0">
  <testcase classname="com.Appium.MiscellanousAppiumActions" name="Miscellanous" time="21.515"/>
</testsuite> <!-- com.Appium.MiscellanousAppiumActions -->
