<?xml version="1.0" encoding="UTF-8"?>
<!-- Generated by org.testng.reporters.JUnitReportReporter -->
<testsuite hostname="Naveen" failures="0" tests="1" name="com.Appium.scrollDemo" time="12.544" errors="0" timestamp="2024-06-13T14:43:18 IST" skipped="0">
  <testcase classname="com.Appium.scrollDemo" name="scrollTest" time="12.544"/>
</testsuite> <!-- com.Appium.scrollDemo -->
